<?xml version="1.0" encoding="UTF-8"?>
<testsuite name="com.marklogic.admin.controller.ProgrammeControllerTest" tests="4" skipped="0" failures="0" errors="0" timestamp="2015-03-01T22:28:15" hostname="mc-s071130.local" time="0.162">
  <properties/>
  <testcase name="testAddShouldSaveImage" classname="com.marklogic.admin.controller.ProgrammeControllerTest" time="0.113"/>
  <testcase name="testAddShouldSaveMedia" classname="com.marklogic.admin.controller.ProgrammeControllerTest" time="0.005"/>
  <testcase name="testAddShouldThrowRuntimeExceptionWhenAssetSaveThrowsException" classname="com.marklogic.admin.controller.ProgrammeControllerTest" time="0.019"/>
  <testcase name="testAddShouldGenerateId" classname="com.marklogic.admin.controller.ProgrammeControllerTest" time="0.002"/>
  <system-out><![CDATA[]]></system-out>
  <system-err><![CDATA[]]></system-err>
</testsuite>
